<?xml version='1.0' encoding='UTF-8'?>
<pmodule isDisplay="1" displayName="test" comment="" shortName="test" idName="test">
  <sio isDisplay="1" displayName="A" comment="" shortName="A" idName="A">
    <param isDisplay="1" displayName="foo" comment="" howElements="1" acc="3" type="int" messure="" idName="foo"/>
    <param isDisplay="1" displayName="bar" comment="" howElements="15" acc="3" type="double" messure="" idName="bar"/>
  </sio>
  <sio isDisplay="1" displayName="B" comment="" shortName="B" idName="B">
    <struct isDisplay="1" howElements="1" comment="" displayName="a" shortName="a" idName="a" isFieldBit="0" numStartBits="0" numEndBits="0">
      <param isDisplay="1" displayName="foo" comment="" howElements="1" acc="3" type="int" messure="" idName="foo"/>
      <param isDisplay="1" displayName="bar" comment="" howElements="15" acc="3" type="double" messure="" idName="bar"/>
    </struct>
    <param isDisplay="1" displayName="foo" comment="" howElements="1" acc="3" type="float" messure="" idName="foo"/>
    <struct isDisplay="1" howElements="5" comment="" displayName="bars" shortName="bars" idName="bars" isFieldBit="0" numStartBits="0" numEndBits="0">
      <param isDisplay="1" displayName="foo" comment="" howElements="1" acc="3" type="short" messure="" idName="foo"/>
      <param isDisplay="1" displayName="s" comment="" howElements="1" acc="3" type="int" messure="" idName="s"/>
      <param isDisplay="1" displayName="l" comment="" howElements="1" acc="3" type="ulong" messure="" idName="l"/>
    </struct>
  </sio>
</pmodule>
